<?xml version="1.0" encoding="UTF-8"?>
<testsuite xmlns:xsi="http://www.w3.org/2001/XMLSchema-instance" xsi:noNamespaceSchemaLocation="https://maven.apache.org/surefire/maven-surefire-plugin/xsd/surefire-test-report.xsd" name="com.example.qnavigation.QnavigationApplicationTests" time="18.304" tests="1" errors="0" skipped="0" failures="0">
  <properties>
    <property name="sun.desktop" value="windows"/>
    <property name="awt.toolkit" value="sun.awt.windows.WToolkit"/>
    <property name="file.encoding.pkg" value="sun.io"/>
    <property name="java.specification.version" value="1.8"/>
    <property name="sun.cpu.isalist" value="amd64"/>
    <property name="sun.jnu.encoding" value="GBK"/>
    <property name="java.class.path" value="E:\Allproject-workspace\idea_\qnavigation\target\test-classes;E:\Allproject-workspace\idea_\qnavigation\target\classes;E:\ALearningEnvironment\mvnrep\org\springframework\boot\spring-boot-starter-jdbc\2.6.3\spring-boot-starter-jdbc-2.6.3.jar;E:\ALearningEnvironment\mvnrep\org\springframework\boot\spring-boot-starter\2.6.3\spring-boot-starter-2.6.3.jar;E:\ALearningEnvironment\mvnrep\org\springframework\boot\spring-boot\2.6.3\spring-boot-2.6.3.jar;E:\ALearningEnvironment\mvnrep\org\springframework\boot\spring-boot-autoconfigure\2.6.3\spring-boot-autoconfigure-2.6.3.jar;E:\ALearningEnvironment\mvnrep\org\springframework\boot\spring-boot-starter-logging\2.6.3\spring-boot-starter-logging-2.6.3.jar;E:\ALearningEnvironment\mvnrep\ch\qos\logback\logback-classic\1.2.10\logback-classic-1.2.10.jar;E:\ALearningEnvironment\mvnrep\ch\qos\logback\logback-core\1.2.10\logback-core-1.2.10.jar;E:\ALearningEnvironment\mvnrep\org\apache\logging\log4j\log4j-to-slf4j\2.17.1\log4j-to-slf4j-2.17.1.jar;E:\ALearningEnvironment\mvnrep\org\apache\logging\log4j\log4j-api\2.17.1\log4j-api-2.17.1.jar;E:\ALearningEnvironment\mvnrep\org\slf4j\jul-to-slf4j\1.7.33\jul-to-slf4j-1.7.33.jar;E:\ALearningEnvironment\mvnrep\jakarta\annotation\jakarta.annotation-api\1.3.5\jakarta.annotation-api-1.3.5.jar;E:\ALearningEnvironment\mvnrep\org\yaml\snakeyaml\1.29\snakeyaml-1.29.jar;E:\ALearningEnvironment\mvnrep\com\zaxxer\HikariCP\4.0.3\HikariCP-4.0.3.jar;E:\ALearningEnvironment\mvnrep\org\slf4j\slf4j-api\1.7.33\slf4j-api-1.7.33.jar;E:\ALearningEnvironment\mvnrep\org\springframework\spring-jdbc\5.3.15\spring-jdbc-5.3.15.jar;E:\ALearningEnvironment\mvnrep\org\springframework\spring-beans\5.3.15\spring-beans-5.3.15.jar;E:\ALearningEnvironment\mvnrep\org\springframework\spring-tx\5.3.15\spring-tx-5.3.15.jar;E:\ALearningEnvironment\mvnrep\org\springframework\boot\spring-boot-starter-thymeleaf\2.6.3\spring-boot-starter-thymeleaf-2.6.3.jar;E:\ALearningEnvironment\mvnrep\org\thymeleaf\thymeleaf-spring5\3.0.14.RELEASE\thymeleaf-spring5-3.0.14.RELEASE.jar;E:\ALearningEnvironment\mvnrep\org\thymeleaf\thymeleaf\3.0.14.RELEASE\thymeleaf-3.0.14.RELEASE.jar;E:\ALearningEnvironment\mvnrep\org\attoparser\attoparser\2.0.5.RELEASE\attoparser-2.0.5.RELEASE.jar;E:\ALearningEnvironment\mvnrep\org\unbescape\unbescape\1.1.6.RELEASE\unbescape-1.1.6.RELEASE.jar;E:\ALearningEnvironment\mvnrep\org\thymeleaf\extras\thymeleaf-extras-java8time\3.0.4.RELEASE\thymeleaf-extras-java8time-3.0.4.RELEASE.jar;E:\ALearningEnvironment\mvnrep\org\springframework\boot\spring-boot-starter-web\2.6.3\spring-boot-starter-web-2.6.3.jar;E:\ALearningEnvironment\mvnrep\org\springframework\boot\spring-boot-starter-json\2.6.3\spring-boot-starter-json-2.6.3.jar;E:\ALearningEnvironment\mvnrep\com\fasterxml\jackson\core\jackson-databind\2.13.1\jackson-databind-2.13.1.jar;E:\ALearningEnvironment\mvnrep\com\fasterxml\jackson\core\jackson-annotations\2.13.1\jackson-annotations-2.13.1.jar;E:\ALearningEnvironment\mvnrep\com\fasterxml\jackson\core\jackson-core\2.13.1\jackson-core-2.13.1.jar;E:\ALearningEnvironment\mvnrep\com\fasterxml\jackson\datatype\jackson-datatype-jdk8\2.13.1\jackson-datatype-jdk8-2.13.1.jar;E:\ALearningEnvironment\mvnrep\com\fasterxml\jackson\datatype\jackson-datatype-jsr310\2.13.1\jackson-datatype-jsr310-2.13.1.jar;E:\ALearningEnvironment\mvnrep\com\fasterxml\jackson\module\jackson-module-parameter-names\2.13.1\jackson-module-parameter-names-2.13.1.jar;E:\ALearningEnvironment\mvnrep\org\springframework\boot\spring-boot-starter-tomcat\2.6.3\spring-boot-starter-tomcat-2.6.3.jar;E:\ALearningEnvironment\mvnrep\org\apache\tomcat\embed\tomcat-embed-core\9.0.56\tomcat-embed-core-9.0.56.jar;E:\ALearningEnvironment\mvnrep\org\apache\tomcat\embed\tomcat-embed-el\9.0.56\tomcat-embed-el-9.0.56.jar;E:\ALearningEnvironment\mvnrep\org\apache\tomcat\embed\tomcat-embed-websocket\9.0.56\tomcat-embed-websocket-9.0.56.jar;E:\ALearningEnvironment\mvnrep\org\springframework\spring-web\5.3.15\spring-web-5.3.15.jar;E:\ALearningEnvironment\mvnrep\org\springframework\spring-webmvc\5.3.15\spring-webmvc-5.3.15.jar;E:\ALearningEnvironment\mvnrep\org\springframework\spring-aop\5.3.15\spring-aop-5.3.15.jar;E:\ALearningEnvironment\mvnrep\org\springframework\spring-context\5.3.15\spring-context-5.3.15.jar;E:\ALearningEnvironment\mvnrep\org\springframework\spring-expression\5.3.15\spring-expression-5.3.15.jar;E:\ALearningEnvironment\mvnrep\org\mybatis\spring\boot\mybatis-spring-boot-starter\2.2.2\mybatis-spring-boot-starter-2.2.2.jar;E:\ALearningEnvironment\mvnrep\org\mybatis\spring\boot\mybatis-spring-boot-autoconfigure\2.2.2\mybatis-spring-boot-autoconfigure-2.2.2.jar;E:\ALearningEnvironment\mvnrep\org\mybatis\mybatis\3.5.9\mybatis-3.5.9.jar;E:\ALearningEnvironment\mvnrep\org\mybatis\mybatis-spring\2.0.7\mybatis-spring-2.0.7.jar;E:\ALearningEnvironment\mvnrep\mysql\mysql-connector-java\5.1.47\mysql-connector-java-5.1.47.jar;E:\ALearningEnvironment\mvnrep\org\springframework\boot\spring-boot-starter-test\2.6.3\spring-boot-starter-test-2.6.3.jar;E:\ALearningEnvironment\mvnrep\org\springframework\boot\spring-boot-test\2.6.3\spring-boot-test-2.6.3.jar;E:\ALearningEnvironment\mvnrep\org\springframework\boot\spring-boot-test-autoconfigure\2.6.3\spring-boot-test-autoconfigure-2.6.3.jar;E:\ALearningEnvironment\mvnrep\com\jayway\jsonpath\json-path\2.6.0\json-path-2.6.0.jar;E:\ALearningEnvironment\mvnrep\net\minidev\json-smart\2.4.7\json-smart-2.4.7.jar;E:\ALearningEnvironment\mvnrep\net\minidev\accessors-smart\2.4.7\accessors-smart-2.4.7.jar;E:\ALearningEnvironment\mvnrep\org\ow2\asm\asm\9.1\asm-9.1.jar;E:\ALearningEnvironment\mvnrep\jakarta\xml\bind\jakarta.xml.bind-api\2.3.3\jakarta.xml.bind-api-2.3.3.jar;E:\ALearningEnvironment\mvnrep\jakarta\activation\jakarta.activation-api\1.2.2\jakarta.activation-api-1.2.2.jar;E:\ALearningEnvironment\mvnrep\org\assertj\assertj-core\3.21.0\assertj-core-3.21.0.jar;E:\ALearningEnvironment\mvnrep\org\hamcrest\hamcrest\2.2\hamcrest-2.2.jar;E:\ALearningEnvironment\mvnrep\org\junit\jupiter\junit-jupiter\5.8.2\junit-jupiter-5.8.2.jar;E:\ALearningEnvironment\mvnrep\org\junit\jupiter\junit-jupiter-api\5.8.2\junit-jupiter-api-5.8.2.jar;E:\ALearningEnvironment\mvnrep\org\opentest4j\opentest4j\1.2.0\opentest4j-1.2.0.jar;E:\ALearningEnvironment\mvnrep\org\junit\platform\junit-platform-commons\1.8.2\junit-platform-commons-1.8.2.jar;E:\ALearningEnvironment\mvnrep\org\apiguardian\apiguardian-api\1.1.2\apiguardian-api-1.1.2.jar;E:\ALearningEnvironment\mvnrep\org\junit\jupiter\junit-jupiter-params\5.8.2\junit-jupiter-params-5.8.2.jar;E:\ALearningEnvironment\mvnrep\org\junit\jupiter\junit-jupiter-engine\5.8.2\junit-jupiter-engine-5.8.2.jar;E:\ALearningEnvironment\mvnrep\org\junit\platform\junit-platform-engine\1.8.2\junit-platform-engine-1.8.2.jar;E:\ALearningEnvironment\mvnrep\org\mockito\mockito-core\4.0.0\mockito-core-4.0.0.jar;E:\ALearningEnvironment\mvnrep\net\bytebuddy\byte-buddy\1.11.22\byte-buddy-1.11.22.jar;E:\ALearningEnvironment\mvnrep\net\bytebuddy\byte-buddy-agent\1.11.22\byte-buddy-agent-1.11.22.jar;E:\ALearningEnvironment\mvnrep\org\objenesis\objenesis\3.2\objenesis-3.2.jar;E:\ALearningEnvironment\mvnrep\org\mockito\mockito-junit-jupiter\4.0.0\mockito-junit-jupiter-4.0.0.jar;E:\ALearningEnvironment\mvnrep\org\skyscreamer\jsonassert\1.5.0\jsonassert-1.5.0.jar;E:\ALearningEnvironment\mvnrep\com\vaadin\external\google\android-json\0.0.20131108.vaadin1\android-json-0.0.20131108.vaadin1.jar;E:\ALearningEnvironment\mvnrep\org\springframework\spring-core\5.3.15\spring-core-5.3.15.jar;E:\ALearningEnvironment\mvnrep\org\springframework\spring-jcl\5.3.15\spring-jcl-5.3.15.jar;E:\ALearningEnvironment\mvnrep\org\xmlunit\xmlunit-core\2.8.4\xmlunit-core-2.8.4.jar;E:\ALearningEnvironment\mvnrep\junit\junit\4.13\junit-4.13.jar;E:\ALearningEnvironment\mvnrep\org\hamcrest\hamcrest-core\2.2\hamcrest-core-2.2.jar;E:\ALearningEnvironment\mvnrep\org\springframework\spring-test\5.3.15\spring-test-5.3.15.jar;"/>
    <property name="java.vm.vendor" value="Oracle Corporation"/>
    <property name="sun.arch.data.model" value="64"/>
    <property name="user.variant" value=""/>
    <property name="java.vendor.url" value="http://java.oracle.com/"/>
    <property name="user.timezone" value="Asia/Shanghai"/>
    <property name="java.vm.specification.version" value="1.8"/>
    <property name="os.name" value="Windows 10"/>
    <property name="user.country" value="CN"/>
    <property name="sun.java.launcher" value="SUN_STANDARD"/>
    <property name="sun.boot.library.path" value="D:\Ruan\java\java\jdk1.8.0_161\jre\bin"/>
    <property name="sun.java.command" value="C:\Users\lgq\AppData\Local\Temp\surefire4253437837023314332\surefirebooter8117636065318368202.jar C:\Users\lgq\AppData\Local\Temp\surefire4253437837023314332 2022-02-27T12-25-53_715-jvmRun1 surefire1691935941907906925tmp surefire_0348951904765836129tmp"/>
    <property name="surefire.test.class.path" value="E:\Allproject-workspace\idea_\qnavigation\target\test-classes;E:\Allproject-workspace\idea_\qnavigation\target\classes;E:\ALearningEnvironment\mvnrep\org\springframework\boot\spring-boot-starter-jdbc\2.6.3\spring-boot-starter-jdbc-2.6.3.jar;E:\ALearningEnvironment\mvnrep\org\springframework\boot\spring-boot-starter\2.6.3\spring-boot-starter-2.6.3.jar;E:\ALearningEnvironment\mvnrep\org\springframework\boot\spring-boot\2.6.3\spring-boot-2.6.3.jar;E:\ALearningEnvironment\mvnrep\org\springframework\boot\spring-boot-autoconfigure\2.6.3\spring-boot-autoconfigure-2.6.3.jar;E:\ALearningEnvironment\mvnrep\org\springframework\boot\spring-boot-starter-logging\2.6.3\spring-boot-starter-logging-2.6.3.jar;E:\ALearningEnvironment\mvnrep\ch\qos\logback\logback-classic\1.2.10\logback-classic-1.2.10.jar;E:\ALearningEnvironment\mvnrep\ch\qos\logback\logback-core\1.2.10\logback-core-1.2.10.jar;E:\ALearningEnvironment\mvnrep\org\apache\logging\log4j\log4j-to-slf4j\2.17.1\log4j-to-slf4j-2.17.1.jar;E:\ALearningEnvironment\mvnrep\org\apache\logging\log4j\log4j-api\2.17.1\log4j-api-2.17.1.jar;E:\ALearningEnvironment\mvnrep\org\slf4j\jul-to-slf4j\1.7.33\jul-to-slf4j-1.7.33.jar;E:\ALearningEnvironment\mvnrep\jakarta\annotation\jakarta.annotation-api\1.3.5\jakarta.annotation-api-1.3.5.jar;E:\ALearningEnvironment\mvnrep\org\yaml\snakeyaml\1.29\snakeyaml-1.29.jar;E:\ALearningEnvironment\mvnrep\com\zaxxer\HikariCP\4.0.3\HikariCP-4.0.3.jar;E:\ALearningEnvironment\mvnrep\org\slf4j\slf4j-api\1.7.33\slf4j-api-1.7.33.jar;E:\ALearningEnvironment\mvnrep\org\springframework\spring-jdbc\5.3.15\spring-jdbc-5.3.15.jar;E:\ALearningEnvironment\mvnrep\org\springframework\spring-beans\5.3.15\spring-beans-5.3.15.jar;E:\ALearningEnvironment\mvnrep\org\springframework\spring-tx\5.3.15\spring-tx-5.3.15.jar;E:\ALearningEnvironment\mvnrep\org\springframework\boot\spring-boot-starter-thymeleaf\2.6.3\spring-boot-starter-thymeleaf-2.6.3.jar;E:\ALearningEnvironment\mvnrep\org\thymeleaf\thymeleaf-spring5\3.0.14.RELEASE\thymeleaf-spring5-3.0.14.RELEASE.jar;E:\ALearningEnvironment\mvnrep\org\thymeleaf\thymeleaf\3.0.14.RELEASE\thymeleaf-3.0.14.RELEASE.jar;E:\ALearningEnvironment\mvnrep\org\attoparser\attoparser\2.0.5.RELEASE\attoparser-2.0.5.RELEASE.jar;E:\ALearningEnvironment\mvnrep\org\unbescape\unbescape\1.1.6.RELEASE\unbescape-1.1.6.RELEASE.jar;E:\ALearningEnvironment\mvnrep\org\thymeleaf\extras\thymeleaf-extras-java8time\3.0.4.RELEASE\thymeleaf-extras-java8time-3.0.4.RELEASE.jar;E:\ALearningEnvironment\mvnrep\org\springframework\boot\spring-boot-starter-web\2.6.3\spring-boot-starter-web-2.6.3.jar;E:\ALearningEnvironment\mvnrep\org\springframework\boot\spring-boot-starter-json\2.6.3\spring-boot-starter-json-2.6.3.jar;E:\ALearningEnvironment\mvnrep\com\fasterxml\jackson\core\jackson-databind\2.13.1\jackson-databind-2.13.1.jar;E:\ALearningEnvironment\mvnrep\com\fasterxml\jackson\core\jackson-annotations\2.13.1\jackson-annotations-2.13.1.jar;E:\ALearningEnvironment\mvnrep\com\fasterxml\jackson\core\jackson-core\2.13.1\jackson-core-2.13.1.jar;E:\ALearningEnvironment\mvnrep\com\fasterxml\jackson\datatype\jackson-datatype-jdk8\2.13.1\jackson-datatype-jdk8-2.13.1.jar;E:\ALearningEnvironment\mvnrep\com\fasterxml\jackson\datatype\jackson-datatype-jsr310\2.13.1\jackson-datatype-jsr310-2.13.1.jar;E:\ALearningEnvironment\mvnrep\com\fasterxml\jackson\module\jackson-module-parameter-names\2.13.1\jackson-module-parameter-names-2.13.1.jar;E:\ALearningEnvironment\mvnrep\org\springframework\boot\spring-boot-starter-tomcat\2.6.3\spring-boot-starter-tomcat-2.6.3.jar;E:\ALearningEnvironment\mvnrep\org\apache\tomcat\embed\tomcat-embed-core\9.0.56\tomcat-embed-core-9.0.56.jar;E:\ALearningEnvironment\mvnrep\org\apache\tomcat\embed\tomcat-embed-el\9.0.56\tomcat-embed-el-9.0.56.jar;E:\ALearningEnvironment\mvnrep\org\apache\tomcat\embed\tomcat-embed-websocket\9.0.56\tomcat-embed-websocket-9.0.56.jar;E:\ALearningEnvironment\mvnrep\org\springframework\spring-web\5.3.15\spring-web-5.3.15.jar;E:\ALearningEnvironment\mvnrep\org\springframework\spring-webmvc\5.3.15\spring-webmvc-5.3.15.jar;E:\ALearningEnvironment\mvnrep\org\springframework\spring-aop\5.3.15\spring-aop-5.3.15.jar;E:\ALearningEnvironment\mvnrep\org\springframework\spring-context\5.3.15\spring-context-5.3.15.jar;E:\ALearningEnvironment\mvnrep\org\springframework\spring-expression\5.3.15\spring-expression-5.3.15.jar;E:\ALearningEnvironment\mvnrep\org\mybatis\spring\boot\mybatis-spring-boot-starter\2.2.2\mybatis-spring-boot-starter-2.2.2.jar;E:\ALearningEnvironment\mvnrep\org\mybatis\spring\boot\mybatis-spring-boot-autoconfigure\2.2.2\mybatis-spring-boot-autoconfigure-2.2.2.jar;E:\ALearningEnvironment\mvnrep\org\mybatis\mybatis\3.5.9\mybatis-3.5.9.jar;E:\ALearningEnvironment\mvnrep\org\mybatis\mybatis-spring\2.0.7\mybatis-spring-2.0.7.jar;E:\ALearningEnvironment\mvnrep\mysql\mysql-connector-java\5.1.47\mysql-connector-java-5.1.47.jar;E:\ALearningEnvironment\mvnrep\org\springframework\boot\spring-boot-starter-test\2.6.3\spring-boot-starter-test-2.6.3.jar;E:\ALearningEnvironment\mvnrep\org\springframework\boot\spring-boot-test\2.6.3\spring-boot-test-2.6.3.jar;E:\ALearningEnvironment\mvnrep\org\springframework\boot\spring-boot-test-autoconfigure\2.6.3\spring-boot-test-autoconfigure-2.6.3.jar;E:\ALearningEnvironment\mvnrep\com\jayway\jsonpath\json-path\2.6.0\json-path-2.6.0.jar;E:\ALearningEnvironment\mvnrep\net\minidev\json-smart\2.4.7\json-smart-2.4.7.jar;E:\ALearningEnvironment\mvnrep\net\minidev\accessors-smart\2.4.7\accessors-smart-2.4.7.jar;E:\ALearningEnvironment\mvnrep\org\ow2\asm\asm\9.1\asm-9.1.jar;E:\ALearningEnvironment\mvnrep\jakarta\xml\bind\jakarta.xml.bind-api\2.3.3\jakarta.xml.bind-api-2.3.3.jar;E:\ALearningEnvironment\mvnrep\jakarta\activation\jakarta.activation-api\1.2.2\jakarta.activation-api-1.2.2.jar;E:\ALearningEnvironment\mvnrep\org\assertj\assertj-core\3.21.0\assertj-core-3.21.0.jar;E:\ALearningEnvironment\mvnrep\org\hamcrest\hamcrest\2.2\hamcrest-2.2.jar;E:\ALearningEnvironment\mvnrep\org\junit\jupiter\junit-jupiter\5.8.2\junit-jupiter-5.8.2.jar;E:\ALearningEnvironment\mvnrep\org\junit\jupiter\junit-jupiter-api\5.8.2\junit-jupiter-api-5.8.2.jar;E:\ALearningEnvironment\mvnrep\org\opentest4j\opentest4j\1.2.0\opentest4j-1.2.0.jar;E:\ALearningEnvironment\mvnrep\org\junit\platform\junit-platform-commons\1.8.2\junit-platform-commons-1.8.2.jar;E:\ALearningEnvironment\mvnrep\org\apiguardian\apiguardian-api\1.1.2\apiguardian-api-1.1.2.jar;E:\ALearningEnvironment\mvnrep\org\junit\jupiter\junit-jupiter-params\5.8.2\junit-jupiter-params-5.8.2.jar;E:\ALearningEnvironment\mvnrep\org\junit\jupiter\junit-jupiter-engine\5.8.2\junit-jupiter-engine-5.8.2.jar;E:\ALearningEnvironment\mvnrep\org\junit\platform\junit-platform-engine\1.8.2\junit-platform-engine-1.8.2.jar;E:\ALearningEnvironment\mvnrep\org\mockito\mockito-core\4.0.0\mockito-core-4.0.0.jar;E:\ALearningEnvironment\mvnrep\net\bytebuddy\byte-buddy\1.11.22\byte-buddy-1.11.22.jar;E:\ALearningEnvironment\mvnrep\net\bytebuddy\byte-buddy-agent\1.11.22\byte-buddy-agent-1.11.22.jar;E:\ALearningEnvironment\mvnrep\org\objenesis\objenesis\3.2\objenesis-3.2.jar;E:\ALearningEnvironment\mvnrep\org\mockito\mockito-junit-jupiter\4.0.0\mockito-junit-jupiter-4.0.0.jar;E:\ALearningEnvironment\mvnrep\org\skyscreamer\jsonassert\1.5.0\jsonassert-1.5.0.jar;E:\ALearningEnvironment\mvnrep\com\vaadin\external\google\android-json\0.0.20131108.vaadin1\android-json-0.0.20131108.vaadin1.jar;E:\ALearningEnvironment\mvnrep\org\springframework\spring-core\5.3.15\spring-core-5.3.15.jar;E:\ALearningEnvironment\mvnrep\org\springframework\spring-jcl\5.3.15\spring-jcl-5.3.15.jar;E:\ALearningEnvironment\mvnrep\org\xmlunit\xmlunit-core\2.8.4\xmlunit-core-2.8.4.jar;E:\ALearningEnvironment\mvnrep\junit\junit\4.13\junit-4.13.jar;E:\ALearningEnvironment\mvnrep\org\hamcrest\hamcrest-core\2.2\hamcrest-core-2.2.jar;E:\ALearningEnvironment\mvnrep\org\springframework\spring-test\5.3.15\spring-test-5.3.15.jar;"/>
    <property name="sun.cpu.endian" value="little"/>
    <property name="user.home" value="C:\Users\lgq"/>
    <property name="user.language" value="zh"/>
    <property name="java.specification.vendor" value="Oracle Corporation"/>
    <property name="java.home" value="D:\Ruan\java\java\jdk1.8.0_161\jre"/>
    <property name="basedir" value="E:\Allproject-workspace\idea_\qnavigation"/>
    <property name="file.separator" value="\"/>
    <property name="line.separator" value="&#10;"/>
    <property name="java.vm.specification.vendor" value="Oracle Corporation"/>
    <property name="java.specification.name" value="Java Platform API Specification"/>
    <property name="java.awt.graphicsenv" value="sun.awt.Win32GraphicsEnvironment"/>
    <property name="surefire.real.class.path" value="C:\Users\lgq\AppData\Local\Temp\surefire4253437837023314332\surefirebooter8117636065318368202.jar"/>
    <property name="sun.boot.class.path" value="D:\Ruan\java\java\jdk1.8.0_161\jre\lib\resources.jar;D:\Ruan\java\java\jdk1.8.0_161\jre\lib\rt.jar;D:\Ruan\java\java\jdk1.8.0_161\jre\lib\sunrsasign.jar;D:\Ruan\java\java\jdk1.8.0_161\jre\lib\jsse.jar;D:\Ruan\java\java\jdk1.8.0_161\jre\lib\jce.jar;D:\Ruan\java\java\jdk1.8.0_161\jre\lib\charsets.jar;D:\Ruan\java\java\jdk1.8.0_161\jre\lib\jfr.jar;D:\Ruan\java\java\jdk1.8.0_161\jre\classes"/>
    <property name="user.script" value=""/>
    <property name="sun.management.compiler" value="HotSpot 64-Bit Tiered Compilers"/>
    <property name="java.runtime.version" value="1.8.0_161-b12"/>
    <property name="user.name" value="lgq"/>
    <property name="path.separator" value=";"/>
    <property name="os.version" value="10.0"/>
    <property name="java.endorsed.dirs" value="D:\Ruan\java\java\jdk1.8.0_161\jre\lib\endorsed"/>
    <property name="java.runtime.name" value="Java(TM) SE Runtime Environment"/>
    <property name="file.encoding" value="GBK"/>
    <property name="java.vm.name" value="Java HotSpot(TM) 64-Bit Server VM"/>
    <property name="localRepository" value="E:\ALearningEnvironment\mvnrep"/>
    <property name="java.vendor.url.bug" value="http://bugreport.sun.com/bugreport/"/>
    <property name="java.io.tmpdir" value="C:\Users\lgq\AppData\Local\Temp\"/>
    <property name="java.version" value="1.8.0_161"/>
    <property name="user.dir" value="E:\Allproject-workspace\idea_\qnavigation"/>
    <property name="os.arch" value="amd64"/>
    <property name="java.vm.specification.name" value="Java Virtual Machine Specification"/>
    <property name="java.awt.printerjob" value="sun.awt.windows.WPrinterJob"/>
    <property name="sun.os.patch.level" value=""/>
    <property name="java.library.path" value="D:\Ruan\java\java\jdk1.8.0_161\jre\bin;C:\WINDOWS\Sun\Java\bin;C:\WINDOWS\system32;C:\WINDOWS;C:\Program Files (x86)\Intel\iCLS Client\;C:\Program Files\Intel\iCLS Client\;C:\Windows\system32;C:\Windows;C:\Windows\System32\Wbem;C:\Windows\System32\WindowsPowerShell\v1.0\;C:\Program Files (x86)\Intel\Intel(R) Management Engine Components\DAL;C:\Program Files\Intel\Intel(R) Management Engine Components\DAL;C:\Program Files (x86)\Intel\Intel(R) Management Engine Components\IPT;C:\Program Files\Intel\Intel(R) Management Engine Components\IPT;C:\Program Files (x86)\NVIDIA Corporation\PhysX\Common;C:\Program Files\dotnet\;C:\Program Files\Microsoft SQL Server\130\Tools\Binn\;C:\WINDOWS\system32;C:\WINDOWS;C:\WINDOWS\System32\Wbem;C:\WINDOWS\System32\WindowsPowerShell\v1.0\;C:\WINDOWS\System32\OpenSSH\;D:\Ruan\StudyProgramming\Anaconda3;D:\Ruan\StudyProgramming\Anaconda3\Scripts;D:\Ruan\StudyProgramming\Anaconda3\Scripts\Library\bin;C:\Program Files\NVIDIA Corporation\NVIDIA NvDLISR;C:\WINDOWS\system32;C:\WINDOWS;C:\WINDOWS\System32\Wbem;C:\WINDOWS\System32\WindowsPowerShell\v1.0\;C:\WINDOWS\System32\OpenSSH\;D:\Program Files\LearningEnvironment\tools\Git\cmd;、、、D:\Ruan\StudyProgramming\Android\SDK\platform-tools;D:\Ruan\StudyProgramming\Android\SDK\tools;D:\Program Files (x86)\program\微信web开发者工具\dll;D:\Ruan\java\java\jdk1.8.0_161\bin;D:\Ruan\StudyProgramming\Sql\mysql-8.0.20-winx64\mysql-8.0.20-winx64\bin;D:\Program Files\program\apache-maven-3.8.4\bin;C:\Users\lgq\AppData\Local\Microsoft\WindowsApps;C:\Users\lgq\.dotnet\tools;;D:\Program Files\LearningEnvironment\IntelliJ IDEA 2019.3\bin;;."/>
    <property name="java.vm.info" value="mixed mode"/>
    <property name="java.vendor" value="Oracle Corporation"/>
    <property name="java.vm.version" value="25.161-b12"/>
    <property name="idea.version2019.3" value="true"/>
    <property name="java.ext.dirs" value="D:\Ruan\java\java\jdk1.8.0_161\jre\lib\ext;C:\WINDOWS\Sun\Java\lib\ext"/>
    <property name="sun.io.unicode.encoding" value="UnicodeLittle"/>
    <property name="maven.repo.local" value="E:\ALearningEnvironment\mvnrep"/>
    <property name="java.class.version" value="52.0"/>
  </properties>
  <testcase name="contextLoads" classname="com.example.qnavigation.QnavigationApplicationTests" time="2.288"/>
</testsuite>